0 info it worked if it ends with ok
1 verbose cli [ '/usr/local/bin/node', '/usr/local/bin/npm', 'run', 'webpack' ]
2 info using npm@3.10.10
3 info using node@v6.9.5
4 verbose run-script [ 'prewebpack', 'webpack', 'postwebpack' ]
5 info lifecycle kaiwa-react@1.0.0~prewebpack: kaiwa-react@1.0.0
6 silly lifecycle kaiwa-react@1.0.0~prewebpack: no script for prewebpack, continuing
7 info lifecycle kaiwa-react@1.0.0~webpack: kaiwa-react@1.0.0
8 verbose lifecycle kaiwa-react@1.0.0~webpack: unsafe-perm in lifecycle true
9 verbose lifecycle kaiwa-react@1.0.0~webpack: PATH: /usr/local/lib/node_modules/npm/bin/node-gyp-bin:/Users/MacBookPro/challenges/kaiwa-react/node_modules/.bin:/Users/MacBookPro/.gem/ruby/2.4.0/bin:/Users/MacBookPro/.rubies/ruby-2.4.0/lib/ruby/gems/2.4.0/bin:/Users/MacBookPro/.rubies/ruby-2.4.0/bin:/usr/local/bin:/usr/bin:/bin:/usr/sbin:/sbin:/Applications/Postgres.app/Contents/Versions/latest/bin:/usr/local/bin
10 verbose lifecycle kaiwa-react@1.0.0~webpack: CWD: /Users/MacBookPro/challenges/kaiwa-react
11 silly lifecycle kaiwa-react@1.0.0~webpack: Args: [ '-c', 'webpack --config ./react/webpack.config.js' ]
12 silly lifecycle kaiwa-react@1.0.0~webpack: Returned: code: 1  signal: null
13 info lifecycle kaiwa-react@1.0.0~webpack: Failed to exec webpack script
14 verbose stack Error: kaiwa-react@1.0.0 webpack: `webpack --config ./react/webpack.config.js`
14 verbose stack Exit status 1
14 verbose stack     at EventEmitter.<anonymous> (/usr/local/lib/node_modules/npm/lib/utils/lifecycle.js:255:16)
14 verbose stack     at emitTwo (events.js:106:13)
14 verbose stack     at EventEmitter.emit (events.js:191:7)
14 verbose stack     at ChildProcess.<anonymous> (/usr/local/lib/node_modules/npm/lib/utils/spawn.js:40:14)
14 verbose stack     at emitTwo (events.js:106:13)
14 verbose stack     at ChildProcess.emit (events.js:191:7)
14 verbose stack     at maybeClose (internal/child_process.js:877:16)
14 verbose stack     at Process.ChildProcess._handle.onexit (internal/child_process.js:226:5)
15 verbose pkgid kaiwa-react@1.0.0
16 verbose cwd /Users/MacBookPro/challenges/kaiwa-react
17 error Darwin 16.5.0
18 error argv "/usr/local/bin/node" "/usr/local/bin/npm" "run" "webpack"
19 error node v6.9.5
20 error npm  v3.10.10
21 error code ELIFECYCLE
22 error kaiwa-react@1.0.0 webpack: `webpack --config ./react/webpack.config.js`
22 error Exit status 1
23 error Failed at the kaiwa-react@1.0.0 webpack script 'webpack --config ./react/webpack.config.js'.
23 error Make sure you have the latest version of node.js and npm installed.
23 error If you do, this is most likely a problem with the kaiwa-react package,
23 error not with npm itself.
23 error Tell the author that this fails on your system:
23 error     webpack --config ./react/webpack.config.js
23 error You can get information on how to open an issue for this project with:
23 error     npm bugs kaiwa-react
23 error Or if that isn't available, you can get their info via:
23 error     npm owner ls kaiwa-react
23 error There is likely additional logging output above.
24 verbose exit [ 1, true ]
